<?xml version="1.0" encoding="UTF-8"?>
<robot generator="Robot 5.0 (Python 3.10.2 on win32)" generated="20220518 20:10:24.234" rpa="false" schemaversion="3">
<suite id="s1" name="Consulta Petz" source="C:\Users\gilmo.gomes\PycharmProjects\133PetsRobotFramework\consulta_petz.robot">
<test id="s1-t1" name="Consulta Produto com Clique na Lupa" line="14">
<kw name="Dado que acesso o site como cliente">
<kw name="Open Browser" library="SeleniumLibrary">
<arg>${url}</arg>
<arg>${browser}</arg>
<doc>Opens a new browser instance to the optional ``url``.</doc>
<msg timestamp="20220518 20:10:24.564" level="INFO">Opening browser 'Chrome' to base url 'https://www.petz.com.br'.</msg>
<status status="PASS" starttime="20220518 20:10:24.563" endtime="20220518 20:10:30.550"/>
</kw>
<kw name="Close Browser" library="SeleniumLibrary">
<arg>${url}</arg>
<arg>${browser}</arg>
<doc>Closes the current browser.</doc>
<msg timestamp="20220518 20:10:30.551" level="FAIL">Keyword 'SeleniumLibrary.Close Browser' expected 0 arguments, got 2.</msg>
<status status="FAIL" starttime="20220518 20:10:30.551" endtime="20220518 20:10:30.551"/>
</kw>
<status status="FAIL" starttime="20220518 20:10:24.563" endtime="20220518 20:10:30.552"/>
</kw>
<kw name="Quando escrevo &quot;Ração&quot; na barra de pesquisa" sourcename="Quando escrevo &quot;${palavra_chave}&quot; na barra de pesquisa">
<status status="NOT RUN" starttime="20220518 20:10:30.553" endtime="20220518 20:10:30.553"/>
</kw>
<kw name="E clico no botao da lupa">
<status status="NOT RUN" starttime="20220518 20:10:30.553" endtime="20220518 20:10:30.553"/>
</kw>
<kw name="Entao exibe um grid e a frase do resultado esperado">
<status status="NOT RUN" starttime="20220518 20:10:30.553" endtime="20220518 20:10:30.553"/>
</kw>
<kw name="Close Browser" library="SeleniumLibrary" type="TEARDOWN">
<doc>Closes the current browser.</doc>
<status status="PASS" starttime="20220518 20:10:30.554" endtime="20220518 20:10:32.757"/>
</kw>
<tag>rapido</tag>
<status status="FAIL" starttime="20220518 20:10:24.562" endtime="20220518 20:10:32.758">Keyword 'SeleniumLibrary.Close Browser' expected 0 arguments, got 2.</status>
</test>
<test id="s1-t2" name="Consulta Produto Apertando Enter" line="22">
<kw name="Dado que acesso o site como cliente">
<kw name="Open Browser" library="SeleniumLibrary">
<arg>${url}</arg>
<arg>${browser}</arg>
<doc>Opens a new browser instance to the optional ``url``.</doc>
<msg timestamp="20220518 20:10:32.764" level="INFO">Opening browser 'Chrome' to base url 'https://www.petz.com.br'.</msg>
<status status="PASS" starttime="20220518 20:10:32.763" endtime="20220518 20:10:38.350"/>
</kw>
<kw name="Close Browser" library="SeleniumLibrary">
<arg>${url}</arg>
<arg>${browser}</arg>
<doc>Closes the current browser.</doc>
<msg timestamp="20220518 20:10:38.350" level="FAIL">Keyword 'SeleniumLibrary.Close Browser' expected 0 arguments, got 2.</msg>
<status status="FAIL" starttime="20220518 20:10:38.350" endtime="20220518 20:10:38.351"/>
</kw>
<status status="FAIL" starttime="20220518 20:10:32.762" endtime="20220518 20:10:38.351"/>
</kw>
<kw name="Quando escrevo &quot;Coleira&quot; na barra de pesquisa" sourcename="Quando escrevo &quot;${palavra_chave}&quot; na barra de pesquisa">
<status status="NOT RUN" starttime="20220518 20:10:38.351" endtime="20220518 20:10:38.351"/>
</kw>
<kw name="E aperto a tecla Enter">
<status status="NOT RUN" starttime="20220518 20:10:38.351" endtime="20220518 20:10:38.351"/>
</kw>
<kw name="Entao exibe um grid e a frase do resultado esperado">
<status status="NOT RUN" starttime="20220518 20:10:38.352" endtime="20220518 20:10:38.352"/>
</kw>
<kw name="Close Browser" library="SeleniumLibrary" type="TEARDOWN">
<doc>Closes the current browser.</doc>
<status status="PASS" starttime="20220518 20:10:38.352" endtime="20220518 20:10:40.551"/>
</kw>
<tag>rapido</tag>
<status status="FAIL" starttime="20220518 20:10:32.761" endtime="20220518 20:10:40.553">Keyword 'SeleniumLibrary.Close Browser' expected 0 arguments, got 2.</status>
</test>
<test id="s1-t3" name="Compra de Produto" line="29">
<kw name="Dado que acesso o site como cliente">
<kw name="Open Browser" library="SeleniumLibrary">
<arg>${url}</arg>
<arg>${browser}</arg>
<doc>Opens a new browser instance to the optional ``url``.</doc>
<msg timestamp="20220518 20:10:40.561" level="INFO">Opening browser 'Chrome' to base url 'https://www.petz.com.br'.</msg>
<status status="PASS" starttime="20220518 20:10:40.560" endtime="20220518 20:10:46.069"/>
</kw>
<kw name="Close Browser" library="SeleniumLibrary">
<arg>${url}</arg>
<arg>${browser}</arg>
<doc>Closes the current browser.</doc>
<msg timestamp="20220518 20:10:46.072" level="FAIL">Keyword 'SeleniumLibrary.Close Browser' expected 0 arguments, got 2.</msg>
<status status="FAIL" starttime="20220518 20:10:46.070" endtime="20220518 20:10:46.072"/>
</kw>
<status status="FAIL" starttime="20220518 20:10:40.558" endtime="20220518 20:10:46.072"/>
</kw>
<kw name="Quando esccrevo &quot;Pote&quot; na barra de pesquisa">
<status status="NOT RUN" starttime="20220518 20:10:46.079" endtime="20220518 20:10:46.079"/>
</kw>
<kw name="E aperto a tecla Enter">
<status status="NOT RUN" starttime="20220518 20:10:46.079" endtime="20220518 20:10:46.079"/>
</kw>
<kw name="Entao exibe um grid e a frase do resultado esperado">
<status status="NOT RUN" starttime="20220518 20:10:46.079" endtime="20220518 20:10:46.079"/>
</kw>
<kw name="Quando Seleciono o produto &quot;Porta Ração Petz Rosa 1kg&quot;" sourcename="Quando Seleciono o produto &quot;${produto}&quot;">
<status status="NOT RUN" starttime="20220518 20:10:46.080" endtime="20220518 20:10:46.080"/>
</kw>
<kw name="Entao exibe a pagina do produto com preco de &quot;R$ 59,99&quot;" sourcename="Entao exibe a pagina do produto com preco de &quot;${preco}&quot;">
<status status="NOT RUN" starttime="20220518 20:10:46.080" endtime="20220518 20:10:46.080"/>
</kw>
<kw name="Quando mudo a quantidade do produto para &quot;2&quot;">
<status status="NOT RUN" starttime="20220518 20:10:46.080" endtime="20220518 20:10:46.080"/>
</kw>
<kw name="E clico no botao Adicionar no Carrinho">
<status status="NOT RUN" starttime="20220518 20:10:46.080" endtime="20220518 20:10:46.081"/>
</kw>
<kw name="Entao exibe a pagina do carrinho com o total de &quot;R$ 119,98&quot;" sourcename="Entao exibe a pagina do carrinho com o total de &quot;${preco_total}&quot;">
<status status="NOT RUN" starttime="20220518 20:10:46.081" endtime="20220518 20:10:46.081"/>
</kw>
<kw name="Close Browser" library="SeleniumLibrary" type="TEARDOWN">
<doc>Closes the current browser.</doc>
<status status="PASS" starttime="20220518 20:10:46.082" endtime="20220518 20:10:48.259"/>
</kw>
<tag>rapido</tag>
<status status="FAIL" starttime="20220518 20:10:40.557" endtime="20220518 20:10:48.261">Keyword 'SeleniumLibrary.Close Browser' expected 0 arguments, got 2.</status>
</test>
<doc>Consultas no site da Petz</doc>
<status status="FAIL" starttime="20220518 20:10:24.236" endtime="20220518 20:10:48.266"/>
</suite>
<statistics>
<total>
<stat pass="0" fail="3" skip="0">All Tests</stat>
</total>
<tag>
<stat pass="0" fail="3" skip="0">rapido</stat>
</tag>
<suite>
<stat pass="0" fail="3" skip="0" id="s1" name="Consulta Petz">Consulta Petz</stat>
</suite>
</statistics>
<errors>
</errors>
</robot>
